<?xml version="1.0" encoding="UTF-8"?>
<!-- Generated by org.testng.reporters.JUnitReportReporter -->
<testsuite skipped="0" hostname="Udhaya-PC" name="com.test.restAssured.TC001_getRequest" tests="1" failures="0" timestamp="2021-11-27T22:00:25 IST" time="6.661" errors="0">
  <testcase name="getResponse" time="6.661" classname="com.test.restAssured.TC001_getRequest"/>
  <system-out/>
</testsuite> <!-- com.test.restAssured.TC001_getRequest -->
